# JRE version: OpenJDK Runtime Environment (7.0_79-b14) (build 1.7.0_79-b14)
# Java VM: OpenJDK Client VM (24.79-b02 mixed mode, sharing linux-x86 )
Heap
 def new generation   total 8640K, used 6607K [0x6e800000, 0x6f160000, 0x792a0000)
  eden space 7680K,  86% used [0x6e800000, 0x6ee73f80, 0x6ef80000)
  from space 960K,   0% used [0x6ef80000, 0x6ef80000, 0x6f070000)
  to   space 960K,   0% used [0x6f070000, 0x6f070000, 0x6f160000)
 tenured generation   total 18876K, used 9032K [0x792a0000, 0x7a50f000, 0x8e800000)
   the space 18876K,  47% used [0x792a0000, 0x79b72298, 0x79b72400, 0x7a50f000)
 compacting perm gen  total 12288K, used 6913K [0x8e800000, 0x8f400000, 0x92800000)
   the space 12288K,  56% used [0x8e800000, 0x8eec05c8, 0x8eec0600, 0x8f400000)
    ro space 10240K,  58% used [0x92800000, 0x92de1330, 0x92de1400, 0x93200000)
    rw space 12288K,  59% used [0x93200000, 0x93916340, 0x93916400, 0x93e00000)
GC Heap History (10 events):
Event: 720.443 GC heap before
{Heap before GC invocations=1536 (full 7):
 def new generation   total 8640K, used 7754K [0x6e800000, 0x6f150000, 0x792a0000)
  eden space 7744K, 100% used [0x6e800000, 0x6ef90000, 0x6ef90000)
  from space 896K,   1% used [0x6ef90000, 0x6ef92b50, 0x6f070000)
  to   space 896K,   0% used [0x6f070000, 0x6f070000, 0x6f150000)
 tenured generation   total 18876K, used 18146K [0x792a0000, 0x7a50f000, 0x8e800000)
   the space 18876K,  96% used [0x792a0000, 0x7a458998, 0x7a458a00, 0x7a50f000)
 compacting perm gen  total 12288K, used 6919K [0x8e800000, 0x8f400000, 0x92800000)
   the space 12288K,  56% used [0x8e800000, 0x8eec1f58, 0x8eec2000, 0x8f400000)
    ro space 10240K,  58% used [0x92800000, 0x92de1330, 0x92de1400, 0x93200000)
    rw space 12288K,  59% used [0x93200000, 0x93916340, 0x93916400, 0x93e00000)
Event: 720.444 GC heap after
Heap after GC invocations=1537 (full 7):
 def new generation   total 8640K, used 12K [0x6e800000, 0x6f150000, 0x792a0000)
  eden space 7744K,   0% used [0x6e800000, 0x6e800000, 0x6ef90000)
  from space 896K,   1% used [0x6f070000, 0x6f073060, 0x6f150000)
  to   space 896K,   0% used [0x6ef90000, 0x6ef90000, 0x6f070000)
 tenured generation   total 18876K, used 18146K [0x792a0000, 0x7a50f000, 0x8e800000)
   the space 18876K,  96% used [0x792a0000, 0x7a458aa8, 0x7a458c00, 0x7a50f000)
 compacting perm gen  total 12288K, used 6919K [0x8e800000, 0x8f400000, 0x92800000)
   the space 12288K,  56% used [0x8e800000, 0x8eec1f58, 0x8eec2000, 0x8f400000)
    ro space 10240K,  58% used [0x92800000, 0x92de1330, 0x92de1400, 0x93200000)
    rw space 12288K,  59% used [0x93200000, 0x93916340, 0x93916400, 0x93e00000)
}
Event: 720.488 GC heap before
{Heap before GC invocations=1537 (full 7):
 def new generation   total 8640K, used 7756K [0x6e800000, 0x6f150000, 0x792a0000)
  eden space 7744K, 100% used [0x6e800000, 0x6ef90000, 0x6ef90000)
  from space 896K,   1% used [0x6f070000, 0x6f073060, 0x6f150000)
  to   space 896K,   0% used [0x6ef90000, 0x6ef90000, 0x6f070000)
 tenured generation   total 18876K, used 18146K [0x792a0000, 0x7a50f000, 0x8e800000)
   the space 18876K,  96% used [0x792a0000, 0x7a458aa8, 0x7a458c00, 0x7a50f000)
 compacting perm gen  total 12288K, used 6919K [0x8e800000, 0x8f400000, 0x92800000)
   the space 12288K,  56% used [0x8e800000, 0x8eec1f58, 0x8eec2000, 0x8f400000)
    ro space 10240K,  58% used [0x92800000, 0x92de1330, 0x92de1400, 0x93200000)
    rw space 12288K,  59% used [0x93200000, 0x93916340, 0x93916400, 0x93e00000)
Event: 720.489 GC heap after
Heap after GC invocations=1538 (full 7):
 def new generation   total 8640K, used 13K [0x6e800000, 0x6f150000, 0x792a0000)
  eden space 7744K,   0% used [0x6e800000, 0x6e800000, 0x6ef90000)
  from space 896K,   1% used [0x6ef90000, 0x6ef937b0, 0x6f070000)
  to   space 896K,   0% used [0x6f070000, 0x6f070000, 0x6f150000)
 tenured generation   total 18876K, used 18146K [0x792a0000, 0x7a50f000, 0x8e800000)
   the space 18876K,  96% used [0x792a0000, 0x7a458bb8, 0x7a458c00, 0x7a50f000)
 compacting perm gen  total 12288K, used 6919K [0x8e800000, 0x8f400000, 0x92800000)
   the space 12288K,  56% used [0x8e800000, 0x8eec1f58, 0x8eec2000, 0x8f400000)
    ro space 10240K,  58% used [0x92800000, 0x92de1330, 0x92de1400, 0x93200000)
    rw space 12288K,  59% used [0x93200000, 0x93916340, 0x93916400, 0x93e00000)
}
Event: 720.535 GC heap before
{Heap before GC invocations=1538 (full 7):
 def new generation   total 8640K, used 7757K [0x6e800000, 0x6f150000, 0x792a0000)
  eden space 7744K, 100% used [0x6e800000, 0x6ef90000, 0x6ef90000)
  from space 896K,   1% used [0x6ef90000, 0x6ef937b0, 0x6f070000)
  to   space 896K,   0% used [0x6f070000, 0x6f070000, 0x6f150000)
 tenured generation   total 18876K, used 18146K [0x792a0000, 0x7a50f000, 0x8e800000)
   the space 18876K,  96% used [0x792a0000, 0x7a458bb8, 0x7a458c00, 0x7a50f000)
 compacting perm gen  total 12288K, used 6919K [0x8e800000, 0x8f400000, 0x92800000)
   the space 12288K,  56% used [0x8e800000, 0x8eec1f58, 0x8eec2000, 0x8f400000)
    ro space 10240K,  58% used [0x92800000, 0x92de1330, 0x92de1400, 0x93200000)
    rw space 12288K,  59% used [0x93200000, 0x93916340, 0x93916400, 0x93e00000)
Event: 720.536 GC heap after
Heap after GC invocations=1539 (full 7):
 def new generation   total 8640K, used 14K [0x6e800000, 0x6f150000, 0x792a0000)
  eden space 7744K,   0% used [0x6e800000, 0x6e800000, 0x6ef90000)
  from space 896K,   1% used [0x6f070000, 0x6f0739e8, 0x6f150000)
  to   space 896K,   0% used [0x6ef90000, 0x6ef90000, 0x6f070000)
 tenured generation   total 18876K, used 18147K [0x792a0000, 0x7a50f000, 0x8e800000)
   the space 18876K,  96% used [0x792a0000, 0x7a458d48, 0x7a458e00, 0x7a50f000)
 compacting perm gen  total 12288K, used 6919K [0x8e800000, 0x8f400000, 0x92800000)
   the space 12288K,  56% used [0x8e800000, 0x8eec1f58, 0x8eec2000, 0x8f400000)
    ro space 10240K,  58% used [0x92800000, 0x92de1330, 0x92de1400, 0x93200000)
    rw space 12288K,  59% used [0x93200000, 0x93916340, 0x93916400, 0x93e00000)
}
Event: 720.647 GC heap before
{Heap before GC invocations=1539 (full 7):
 def new generation   total 8640K, used 7758K [0x6e800000, 0x6f150000, 0x792a0000)
  eden space 7744K, 100% used [0x6e800000, 0x6ef90000, 0x6ef90000)
  from space 896K,   1% used [0x6f070000, 0x6f0739e8, 0x6f150000)
  to   space 896K,   0% used [0x6ef90000, 0x6ef90000, 0x6f070000)
 tenured generation   total 18876K, used 18147K [0x792a0000, 0x7a50f000, 0x8e800000)
   the space 18876K,  96% used [0x792a0000, 0x7a458d48, 0x7a458e00, 0x7a50f000)
 compacting perm gen  total 12288K, used 6919K [0x8e800000, 0x8f400000, 0x92800000)
   the space 12288K,  56% used [0x8e800000, 0x8eec1f58, 0x8eec2000, 0x8f400000)
    ro space 10240K,  58% used [0x92800000, 0x92de1330, 0x92de1400, 0x93200000)
    rw space 12288K,  59% used [0x93200000, 0x93916340, 0x93916400, 0x93e00000)
Event: 720.649 GC heap after
Heap after GC invocations=1540 (full 7):
 def new generation   total 8640K, used 896K [0x6e800000, 0x6f150000, 0x792a0000)
  eden space 7744K,   0% used [0x6e800000, 0x6e800000, 0x6ef90000)
  from space 896K, 100% used [0x6ef90000, 0x6f070000, 0x6f070000)
  to   space 896K,   0% used [0x6f070000, 0x6f070000, 0x6f150000)
 tenured generation   total 18876K, used 18237K [0x792a0000, 0x7a50f000, 0x8e800000)
   the space 18876K,  96% used [0x792a0000, 0x7a46f630, 0x7a46f800, 0x7a50f000)
 compacting perm gen  total 12288K, used 6919K [0x8e800000, 0x8f400000, 0x92800000)
   the space 12288K,  56% used [0x8e800000, 0x8eec1f58, 0x8eec2000, 0x8f400000)
    ro space 10240K,  58% used [0x92800000, 0x92de1330, 0x92de1400, 0x93200000)
    rw space 12288K,  59% used [0x93200000, 0x93916340, 0x93916400, 0x93e00000)
}
Event: 720.834 GC heap before
{Heap before GC invocations=1540 (full 7):
 def new generation   total 8640K, used 8640K [0x6e800000, 0x6f150000, 0x792a0000)
  eden space 7744K, 100% used [0x6e800000, 0x6ef90000, 0x6ef90000)
  from space 896K, 100% used [0x6ef90000, 0x6f070000, 0x6f070000)
  to   space 896K,   0% used [0x6f070000, 0x6f070000, 0x6f150000)
 tenured generation   total 18876K, used 18237K [0x792a0000, 0x7a50f000, 0x8e800000)
   the space 18876K,  96% used [0x792a0000, 0x7a46f630, 0x7a46f800, 0x7a50f000)
 compacting perm gen  total 12288K, used 6919K [0x8e800000, 0x8f400000, 0x92800000)
   the space 12288K,  56% used [0x8e800000, 0x8eec1f58, 0x8eec2000, 0x8f400000)
    ro space 10240K,  58% used [0x92800000, 0x92de1330, 0x92de1400, 0x93200000)
    rw space 12288K,  59% used [0x93200000, 0x93916340, 0x93916400, 0x93e00000)
Event: 720.901 GC heap after
Heap after GC invocations=1541 (full 8):
 def new generation   total 8640K, used 0K [0x6e800000, 0x6f160000, 0x792a0000)
  eden space 7680K,   0% used [0x6e800000, 0x6e800000, 0x6ef80000)
  from space 960K,   0% used [0x6ef80000, 0x6ef80000, 0x6f070000)
  to   space 960K,   0% used [0x6f070000, 0x6f070000, 0x6f160000)
 tenured generation   total 18876K, used 9032K [0x792a0000, 0x7a50f000, 0x8e800000)
   the space 18876K,  47% used [0x792a0000, 0x79b72298, 0x79b72400, 0x7a50f000)
 compacting perm gen  total 12288K, used 6913K [0x8e800000, 0x8f400000, 0x92800000)
   the space 12288K,  56% used [0x8e800000, 0x8eec05c8, 0x8eec0600, 0x8f400000)
    ro space 10240K,  58% used [0x92800000, 0x92de1330, 0x92de1400, 0x93200000)
    rw space 12288K,  59% used [0x93200000, 0x93916340, 0x93916400, 0x93e00000)
}

