# JRE version: OpenJDK Runtime Environment (7.0_79-b14) (build 1.7.0_79-b14)
# Java VM: OpenJDK Client VM (24.79-b02 mixed mode, sharing linux-x86 )
Heap
 def new generation   total 15232K, used 9308K [0x6e800000, 0x6f880000, 0x792a0000)
  eden space 13568K,  59% used [0x6e800000, 0x6efedfa8, 0x6f540000)
  from space 1664K,  71% used [0x6f6e0000, 0x6f809418, 0x6f880000)
  to   space 1664K,   0% used [0x6f540000, 0x6f540000, 0x6f6e0000)
 tenured generation   total 33432K, used 17897K [0x792a0000, 0x7b346000, 0x8e800000)
   the space 33432K,  53% used [0x792a0000, 0x7a41a6f0, 0x7a41a800, 0x7b346000)
 compacting perm gen  total 12288K, used 6968K [0x8e800000, 0x8f400000, 0x92800000)
   the space 12288K,  56% used [0x8e800000, 0x8eece068, 0x8eece200, 0x8f400000)
    ro space 10240K,  58% used [0x92800000, 0x92de1330, 0x92de1400, 0x93200000)
    rw space 12288K,  59% used [0x93200000, 0x93916340, 0x93916400, 0x93e00000)
GC Heap History (10 events):
Event: 815.972 GC heap before
{Heap before GC invocations=1638 (full 13):
 def new generation   total 15232K, used 13581K [0x6e800000, 0x6f880000, 0x792a0000)
  eden space 13568K, 100% used [0x6e800000, 0x6f540000, 0x6f540000)
  from space 1664K,   0% used [0x6f540000, 0x6f5434a8, 0x6f6e0000)
  to   space 1664K,   0% used [0x6f6e0000, 0x6f6e0000, 0x6f880000)
 tenured generation   total 33432K, used 17893K [0x792a0000, 0x7b346000, 0x8e800000)
   the space 33432K,  53% used [0x792a0000, 0x7a419790, 0x7a419800, 0x7b346000)
 compacting perm gen  total 12288K, used 6968K [0x8e800000, 0x8f400000, 0x92800000)
   the space 12288K,  56% used [0x8e800000, 0x8eece058, 0x8eece200, 0x8f400000)
    ro space 10240K,  58% used [0x92800000, 0x92de1330, 0x92de1400, 0x93200000)
    rw space 12288K,  59% used [0x93200000, 0x93916340, 0x93916400, 0x93e00000)
Event: 815.973 GC heap after
Heap after GC invocations=1639 (full 13):
 def new generation   total 15232K, used 13K [0x6e800000, 0x6f880000, 0x792a0000)
  eden space 13568K,   0% used [0x6e800000, 0x6e800000, 0x6f540000)
  from space 1664K,   0% used [0x6f6e0000, 0x6f6e35f0, 0x6f880000)
  to   space 1664K,   0% used [0x6f540000, 0x6f540000, 0x6f6e0000)
 tenured generation   total 33432K, used 17894K [0x792a0000, 0x7b346000, 0x8e800000)
   the space 33432K,  53% used [0x792a0000, 0x7a419990, 0x7a419a00, 0x7b346000)
 compacting perm gen  total 12288K, used 6968K [0x8e800000, 0x8f400000, 0x92800000)
   the space 12288K,  56% used [0x8e800000, 0x8eece058, 0x8eece200, 0x8f400000)
    ro space 10240K,  58% used [0x92800000, 0x92de1330, 0x92de1400, 0x93200000)
    rw space 12288K,  59% used [0x93200000, 0x93916340, 0x93916400, 0x93e00000)
}
Event: 816.047 GC heap before
{Heap before GC invocations=1639 (full 13):
 def new generation   total 15232K, used 13581K [0x6e800000, 0x6f880000, 0x792a0000)
  eden space 13568K, 100% used [0x6e800000, 0x6f540000, 0x6f540000)
  from space 1664K,   0% used [0x6f6e0000, 0x6f6e35f0, 0x6f880000)
  to   space 1664K,   0% used [0x6f540000, 0x6f540000, 0x6f6e0000)
 tenured generation   total 33432K, used 17894K [0x792a0000, 0x7b346000, 0x8e800000)
   the space 33432K,  53% used [0x792a0000, 0x7a419990, 0x7a419a00, 0x7b346000)
 compacting perm gen  total 12288K, used 6968K [0x8e800000, 0x8f400000, 0x92800000)
   the space 12288K,  56% used [0x8e800000, 0x8eece058, 0x8eece200, 0x8f400000)
    ro space 10240K,  58% used [0x92800000, 0x92de1330, 0x92de1400, 0x93200000)
    rw space 12288K,  59% used [0x93200000, 0x93916340, 0x93916400, 0x93e00000)
Event: 816.048 GC heap after
Heap after GC invocations=1640 (full 13):
 def new generation   total 15232K, used 15K [0x6e800000, 0x6f880000, 0x792a0000)
  eden space 13568K,   0% used [0x6e800000, 0x6e800000, 0x6f540000)
  from space 1664K,   0% used [0x6f540000, 0x6f543fa0, 0x6f6e0000)
  to   space 1664K,   0% used [0x6f6e0000, 0x6f6e0000, 0x6f880000)
 tenured generation   total 33432K, used 17894K [0x792a0000, 0x7b346000, 0x8e800000)
   the space 33432K,  53% used [0x792a0000, 0x7a419b90, 0x7a419c00, 0x7b346000)
 compacting perm gen  total 12288K, used 6968K [0x8e800000, 0x8f400000, 0x92800000)
   the space 12288K,  56% used [0x8e800000, 0x8eece058, 0x8eece200, 0x8f400000)
    ro space 10240K,  58% used [0x92800000, 0x92de1330, 0x92de1400, 0x93200000)
    rw space 12288K,  59% used [0x93200000, 0x93916340, 0x93916400, 0x93e00000)
}
Event: 816.128 GC heap before
{Heap before GC invocations=1640 (full 13):
 def new generation   total 15232K, used 13583K [0x6e800000, 0x6f880000, 0x792a0000)
  eden space 13568K, 100% used [0x6e800000, 0x6f540000, 0x6f540000)
  from space 1664K,   0% used [0x6f540000, 0x6f543fa0, 0x6f6e0000)
  to   space 1664K,   0% used [0x6f6e0000, 0x6f6e0000, 0x6f880000)
 tenured generation   total 33432K, used 17894K [0x792a0000, 0x7b346000, 0x8e800000)
   the space 33432K,  53% used [0x792a0000, 0x7a419b90, 0x7a419c00, 0x7b346000)
 compacting perm gen  total 12288K, used 6968K [0x8e800000, 0x8f400000, 0x92800000)
   the space 12288K,  56% used [0x8e800000, 0x8eece058, 0x8eece200, 0x8f400000)
    ro space 10240K,  58% used [0x92800000, 0x92de1330, 0x92de1400, 0x93200000)
    rw space 12288K,  59% used [0x93200000, 0x93916340, 0x93916400, 0x93e00000)
Event: 816.129 GC heap after
Heap after GC invocations=1641 (full 13):
 def new generation   total 15232K, used 17K [0x6e800000, 0x6f880000, 0x792a0000)
  eden space 13568K,   0% used [0x6e800000, 0x6e800000, 0x6f540000)
  from space 1664K,   1% used [0x6f6e0000, 0x6f6e4698, 0x6f880000)
  to   space 1664K,   0% used [0x6f540000, 0x6f540000, 0x6f6e0000)
 tenured generation   total 33432K, used 17895K [0x792a0000, 0x7b346000, 0x8e800000)
   the space 33432K,  53% used [0x792a0000, 0x7a419eb8, 0x7a41a000, 0x7b346000)
 compacting perm gen  total 12288K, used 6968K [0x8e800000, 0x8f400000, 0x92800000)
   the space 12288K,  56% used [0x8e800000, 0x8eece058, 0x8eece200, 0x8f400000)
    ro space 10240K,  58% used [0x92800000, 0x92de1330, 0x92de1400, 0x93200000)
    rw space 12288K,  59% used [0x93200000, 0x93916340, 0x93916400, 0x93e00000)
}
Event: 816.208 GC heap before
{Heap before GC invocations=1641 (full 13):
 def new generation   total 15232K, used 13585K [0x6e800000, 0x6f880000, 0x792a0000)
  eden space 13568K, 100% used [0x6e800000, 0x6f540000, 0x6f540000)
  from space 1664K,   1% used [0x6f6e0000, 0x6f6e4698, 0x6f880000)
  to   space 1664K,   0% used [0x6f540000, 0x6f540000, 0x6f6e0000)
 tenured generation   total 33432K, used 17895K [0x792a0000, 0x7b346000, 0x8e800000)
   the space 33432K,  53% used [0x792a0000, 0x7a419eb8, 0x7a41a000, 0x7b346000)
 compacting perm gen  total 12288K, used 6968K [0x8e800000, 0x8f400000, 0x92800000)
   the space 12288K,  56% used [0x8e800000, 0x8eece058, 0x8eece200, 0x8f400000)
    ro space 10240K,  58% used [0x92800000, 0x92de1330, 0x92de1400, 0x93200000)
    rw space 12288K,  59% used [0x93200000, 0x93916340, 0x93916400, 0x93e00000)
Event: 816.209 GC heap after
Heap after GC invocations=1642 (full 13):
 def new generation   total 15232K, used 22K [0x6e800000, 0x6f880000, 0x792a0000)
  eden space 13568K,   0% used [0x6e800000, 0x6e800000, 0x6f540000)
  from space 1664K,   1% used [0x6f540000, 0x6f545bb8, 0x6f6e0000)
  to   space 1664K,   0% used [0x6f6e0000, 0x6f6e0000, 0x6f880000)
 tenured generation   total 33432K, used 17896K [0x792a0000, 0x7b346000, 0x8e800000)
   the space 33432K,  53% used [0x792a0000, 0x7a41a028, 0x7a41a200, 0x7b346000)
 compacting perm gen  total 12288K, used 6968K [0x8e800000, 0x8f400000, 0x92800000)
   the space 12288K,  56% used [0x8e800000, 0x8eece058, 0x8eece200, 0x8f400000)
    ro space 10240K,  58% used [0x92800000, 0x92de1330, 0x92de1400, 0x93200000)
    rw space 12288K,  59% used [0x93200000, 0x93916340, 0x93916400, 0x93e00000)
}
Event: 816.492 GC heap before
{Heap before GC invocations=1642 (full 13):
 def new generation   total 15232K, used 13590K [0x6e800000, 0x6f880000, 0x792a0000)
  eden space 13568K, 100% used [0x6e800000, 0x6f540000, 0x6f540000)
  from space 1664K,   1% used [0x6f540000, 0x6f545bb8, 0x6f6e0000)
  to   space 1664K,   0% used [0x6f6e0000, 0x6f6e0000, 0x6f880000)
 tenured generation   total 33432K, used 17896K [0x792a0000, 0x7b346000, 0x8e800000)
   the space 33432K,  53% used [0x792a0000, 0x7a41a028, 0x7a41a200, 0x7b346000)
 compacting perm gen  total 12288K, used 6968K [0x8e800000, 0x8f400000, 0x92800000)
   the space 12288K,  56% used [0x8e800000, 0x8eece068, 0x8eece200, 0x8f400000)
    ro space 10240K,  58% used [0x92800000, 0x92de1330, 0x92de1400, 0x93200000)
    rw space 12288K,  59% used [0x93200000, 0x93916340, 0x93916400, 0x93e00000)
Event: 816.495 GC heap after
Heap after GC invocations=1643 (full 13):
 def new generation   total 15232K, used 1189K [0x6e800000, 0x6f880000, 0x792a0000)
  eden space 13568K,   0% used [0x6e800000, 0x6e800000, 0x6f540000)
  from space 1664K,  71% used [0x6f6e0000, 0x6f809418, 0x6f880000)
  to   space 1664K,   0% used [0x6f540000, 0x6f540000, 0x6f6e0000)
 tenured generation   total 33432K, used 17897K [0x792a0000, 0x7b346000, 0x8e800000)
   the space 33432K,  53% used [0x792a0000, 0x7a41a6f0, 0x7a41a800, 0x7b346000)
 compacting perm gen  total 12288K, used 6968K [0x8e800000, 0x8f400000, 0x92800000)
   the space 12288K,  56% used [0x8e800000, 0x8eece068, 0x8eece200, 0x8f400000)
    ro space 10240K,  58% used [0x92800000, 0x92de1330, 0x92de1400, 0x93200000)
    rw space 12288K,  59% used [0x93200000, 0x93916340, 0x93916400, 0x93e00000)
}

