# JRE version: OpenJDK Runtime Environment (7.0_79-b14) (build 1.7.0_79-b14)
# Java VM: OpenJDK Client VM (24.79-b02 mixed mode, sharing linux-x86 )
Heap
 def new generation   total 7360K, used 1474K [0x6e800000, 0x6eff0000, 0x792a0000)
  eden space 6592K,  15% used [0x6e800000, 0x6e905978, 0x6ee70000)
  from space 768K,  55% used [0x6ee70000, 0x6eedae90, 0x6ef30000)
  to   space 768K,   0% used [0x6ef30000, 0x6ef30000, 0x6eff0000)
 tenured generation   total 15812K, used 13251K [0x792a0000, 0x7a211000, 0x8e800000)
   the space 15812K,  83% used [0x792a0000, 0x79f90d20, 0x79f90e00, 0x7a211000)
 compacting perm gen  total 12288K, used 6922K [0x8e800000, 0x8f400000, 0x92800000)
   the space 12288K,  56% used [0x8e800000, 0x8eec2be8, 0x8eec2c00, 0x8f400000)
    ro space 10240K,  58% used [0x92800000, 0x92de1330, 0x92de1400, 0x93200000)
    rw space 12288K,  59% used [0x93200000, 0x93916340, 0x93916400, 0x93e00000)
GC Heap History (10 events):
Event: 1894.152 GC heap before
{Heap before GC invocations=3696 (full 14):
 def new generation   total 7360K, used 6603K [0x6e800000, 0x6eff0000, 0x792a0000)
  eden space 6592K, 100% used [0x6e800000, 0x6ee70000, 0x6ee70000)
  from space 768K,   1% used [0x6ef30000, 0x6ef32ee8, 0x6eff0000)
  to   space 768K,   0% used [0x6ee70000, 0x6ee70000, 0x6ef30000)
 tenured generation   total 15812K, used 12292K [0x792a0000, 0x7a211000, 0x8e800000)
   the space 15812K,  77% used [0x792a0000, 0x79ea1270, 0x79ea1400, 0x7a211000)
 compacting perm gen  total 12288K, used 6922K [0x8e800000, 0x8f400000, 0x92800000)
   the space 12288K,  56% used [0x8e800000, 0x8eec2bd8, 0x8eec2c00, 0x8f400000)
    ro space 10240K,  58% used [0x92800000, 0x92de1330, 0x92de1400, 0x93200000)
    rw space 12288K,  59% used [0x93200000, 0x93916340, 0x93916400, 0x93e00000)
Event: 1894.154 GC heap after
Heap after GC invocations=3697 (full 14):
 def new generation   total 7360K, used 12K [0x6e800000, 0x6eff0000, 0x792a0000)
  eden space 6592K,   0% used [0x6e800000, 0x6e800000, 0x6ee70000)
  from space 768K,   1% used [0x6ee70000, 0x6ee73390, 0x6ef30000)
  to   space 768K,   0% used [0x6ef30000, 0x6ef30000, 0x6eff0000)
 tenured generation   total 15812K, used 12292K [0x792a0000, 0x7a211000, 0x8e800000)
   the space 15812K,  77% used [0x792a0000, 0x79ea1380, 0x79ea1400, 0x7a211000)
 compacting perm gen  total 12288K, used 6922K [0x8e800000, 0x8f400000, 0x92800000)
   the space 12288K,  56% used [0x8e800000, 0x8eec2bd8, 0x8eec2c00, 0x8f400000)
    ro space 10240K,  58% used [0x92800000, 0x92de1330, 0x92de1400, 0x93200000)
    rw space 12288K,  59% used [0x93200000, 0x93916340, 0x93916400, 0x93e00000)
}
Event: 1894.195 GC heap before
{Heap before GC invocations=3697 (full 14):
 def new generation   total 7360K, used 6604K [0x6e800000, 0x6eff0000, 0x792a0000)
  eden space 6592K, 100% used [0x6e800000, 0x6ee70000, 0x6ee70000)
  from space 768K,   1% used [0x6ee70000, 0x6ee73390, 0x6ef30000)
  to   space 768K,   0% used [0x6ef30000, 0x6ef30000, 0x6eff0000)
 tenured generation   total 15812K, used 12292K [0x792a0000, 0x7a211000, 0x8e800000)
   the space 15812K,  77% used [0x792a0000, 0x79ea1380, 0x79ea1400, 0x7a211000)
 compacting perm gen  total 12288K, used 6922K [0x8e800000, 0x8f400000, 0x92800000)
   the space 12288K,  56% used [0x8e800000, 0x8eec2bd8, 0x8eec2c00, 0x8f400000)
    ro space 10240K,  58% used [0x92800000, 0x92de1330, 0x92de1400, 0x93200000)
    rw space 12288K,  59% used [0x93200000, 0x93916340, 0x93916400, 0x93e00000)
Event: 1894.196 GC heap after
Heap after GC invocations=3698 (full 14):
 def new generation   total 7360K, used 35K [0x6e800000, 0x6eff0000, 0x792a0000)
  eden space 6592K,   0% used [0x6e800000, 0x6e800000, 0x6ee70000)
  from space 768K,   4% used [0x6ef30000, 0x6ef38f88, 0x6eff0000)
  to   space 768K,   0% used [0x6ee70000, 0x6ee70000, 0x6ef30000)
 tenured generation   total 15812K, used 12293K [0x792a0000, 0x7a211000, 0x8e800000)
   the space 15812K,  77% used [0x792a0000, 0x79ea1478, 0x79ea1600, 0x7a211000)
 compacting perm gen  total 12288K, used 6922K [0x8e800000, 0x8f400000, 0x92800000)
   the space 12288K,  56% used [0x8e800000, 0x8eec2bd8, 0x8eec2c00, 0x8f400000)
    ro space 10240K,  58% used [0x92800000, 0x92de1330, 0x92de1400, 0x93200000)
    rw space 12288K,  59% used [0x93200000, 0x93916340, 0x93916400, 0x93e00000)
}
Event: 1894.325 GC heap before
{Heap before GC invocations=3698 (full 14):
 def new generation   total 7360K, used 6627K [0x6e800000, 0x6eff0000, 0x792a0000)
  eden space 6592K, 100% used [0x6e800000, 0x6ee70000, 0x6ee70000)
  from space 768K,   4% used [0x6ef30000, 0x6ef38f88, 0x6eff0000)
  to   space 768K,   0% used [0x6ee70000, 0x6ee70000, 0x6ef30000)
 tenured generation   total 15812K, used 12293K [0x792a0000, 0x7a211000, 0x8e800000)
   the space 15812K,  77% used [0x792a0000, 0x79ea1478, 0x79ea1600, 0x7a211000)
 compacting perm gen  total 12288K, used 6922K [0x8e800000, 0x8f400000, 0x92800000)
   the space 12288K,  56% used [0x8e800000, 0x8eec2be8, 0x8eec2c00, 0x8f400000)
    ro space 10240K,  58% used [0x92800000, 0x92de1330, 0x92de1400, 0x93200000)
    rw space 12288K,  59% used [0x93200000, 0x93916340, 0x93916400, 0x93e00000)
Event: 1894.328 GC heap after
Heap after GC invocations=3699 (full 14):
 def new generation   total 7360K, used 768K [0x6e800000, 0x6eff0000, 0x792a0000)
  eden space 6592K,   0% used [0x6e800000, 0x6e800000, 0x6ee70000)
  from space 768K, 100% used [0x6ee70000, 0x6ef30000, 0x6ef30000)
  to   space 768K,   0% used [0x6ef30000, 0x6ef30000, 0x6eff0000)
 tenured generation   total 15812K, used 12537K [0x792a0000, 0x7a211000, 0x8e800000)
   the space 15812K,  79% used [0x792a0000, 0x79ede630, 0x79ede800, 0x7a211000)
 compacting perm gen  total 12288K, used 6922K [0x8e800000, 0x8f400000, 0x92800000)
   the space 12288K,  56% used [0x8e800000, 0x8eec2be8, 0x8eec2c00, 0x8f400000)
    ro space 10240K,  58% used [0x92800000, 0x92de1330, 0x92de1400, 0x93200000)
    rw space 12288K,  59% used [0x93200000, 0x93916340, 0x93916400, 0x93e00000)
}
Event: 1894.482 GC heap before
{Heap before GC invocations=3699 (full 14):
 def new generation   total 7360K, used 7360K [0x6e800000, 0x6eff0000, 0x792a0000)
  eden space 6592K, 100% used [0x6e800000, 0x6ee70000, 0x6ee70000)
  from space 768K, 100% used [0x6ee70000, 0x6ef30000, 0x6ef30000)
  to   space 768K,   0% used [0x6ef30000, 0x6ef30000, 0x6eff0000)
 tenured generation   total 15812K, used 12537K [0x792a0000, 0x7a211000, 0x8e800000)
   the space 15812K,  79% used [0x792a0000, 0x79ede630, 0x79ede800, 0x7a211000)
 compacting perm gen  total 12288K, used 6922K [0x8e800000, 0x8f400000, 0x92800000)
   the space 12288K,  56% used [0x8e800000, 0x8eec2be8, 0x8eec2c00, 0x8f400000)
    ro space 10240K,  58% used [0x92800000, 0x92de1330, 0x92de1400, 0x93200000)
    rw space 12288K,  59% used [0x93200000, 0x93916340, 0x93916400, 0x93e00000)
Event: 1894.485 GC heap after
Heap after GC invocations=3700 (full 14):
 def new generation   total 7360K, used 227K [0x6e800000, 0x6eff0000, 0x792a0000)
  eden space 6592K,   0% used [0x6e800000, 0x6e800000, 0x6ee70000)
  from space 768K,  29% used [0x6ef30000, 0x6ef68d90, 0x6eff0000)
  to   space 768K,   0% used [0x6ee70000, 0x6ee70000, 0x6ef30000)
 tenured generation   total 15812K, used 13251K [0x792a0000, 0x7a211000, 0x8e800000)
   the space 15812K,  83% used [0x792a0000, 0x79f90d20, 0x79f90e00, 0x7a211000)
 compacting perm gen  total 12288K, used 6922K [0x8e800000, 0x8f400000, 0x92800000)
   the space 12288K,  56% used [0x8e800000, 0x8eec2be8, 0x8eec2c00, 0x8f400000)
    ro space 10240K,  58% used [0x92800000, 0x92de1330, 0x92de1400, 0x93200000)
    rw space 12288K,  59% used [0x93200000, 0x93916340, 0x93916400, 0x93e00000)
}
Event: 1894.678 GC heap before
{Heap before GC invocations=3700 (full 14):
 def new generation   total 7360K, used 6819K [0x6e800000, 0x6eff0000, 0x792a0000)
  eden space 6592K, 100% used [0x6e800000, 0x6ee70000, 0x6ee70000)
  from space 768K,  29% used [0x6ef30000, 0x6ef68d90, 0x6eff0000)
  to   space 768K,   0% used [0x6ee70000, 0x6ee70000, 0x6ef30000)
 tenured generation   total 15812K, used 13251K [0x792a0000, 0x7a211000, 0x8e800000)
   the space 15812K,  83% used [0x792a0000, 0x79f90d20, 0x79f90e00, 0x7a211000)
 compacting perm gen  total 12288K, used 6922K [0x8e800000, 0x8f400000, 0x92800000)
   the space 12288K,  56% used [0x8e800000, 0x8eec2be8, 0x8eec2c00, 0x8f400000)
    ro space 10240K,  58% used [0x92800000, 0x92de1330, 0x92de1400, 0x93200000)
    rw space 12288K,  59% used [0x93200000, 0x93916340, 0x93916400, 0x93e00000)
Event: 1894.680 GC heap after
Heap after GC invocations=3701 (full 14):
 def new generation   total 7360K, used 427K [0x6e800000, 0x6eff0000, 0x792a0000)
  eden space 6592K,   0% used [0x6e800000, 0x6e800000, 0x6ee70000)
  from space 768K,  55% used [0x6ee70000, 0x6eedae90, 0x6ef30000)
  to   space 768K,   0% used [0x6ef30000, 0x6ef30000, 0x6eff0000)
 tenured generation   total 15812K, used 13251K [0x792a0000, 0x7a211000, 0x8e800000)
   the space 15812K,  83% used [0x792a0000, 0x79f90d20, 0x79f90e00, 0x7a211000)
 compacting perm gen  total 12288K, used 6922K [0x8e800000, 0x8f400000, 0x92800000)
   the space 12288K,  56% used [0x8e800000, 0x8eec2be8, 0x8eec2c00, 0x8f400000)
    ro space 10240K,  58% used [0x92800000, 0x92de1330, 0x92de1400, 0x93200000)
    rw space 12288K,  59% used [0x93200000, 0x93916340, 0x93916400, 0x93e00000)
}

