# JRE version: OpenJDK Runtime Environment (7.0_79-b14) (build 1.7.0_79-b14)
# Java VM: OpenJDK Client VM (24.79-b02 mixed mode, sharing linux-x86 )
Heap
 def new generation   total 8064K, used 6287K [0x6e800000, 0x6f0c0000, 0x792a0000)
  eden space 7168K,  82% used [0x6e800000, 0x6edc8f98, 0x6ef00000)
  from space 896K,  40% used [0x6ef00000, 0x6ef5ae98, 0x6efe0000)
  to   space 896K,   0% used [0x6efe0000, 0x6efe0000, 0x6f0c0000)
 tenured generation   total 17720K, used 13593K [0x792a0000, 0x7a3ee000, 0x8e800000)
   the space 17720K,  76% used [0x792a0000, 0x79fe6578, 0x79fe6600, 0x7a3ee000)
 compacting perm gen  total 12288K, used 6925K [0x8e800000, 0x8f400000, 0x92800000)
   the space 12288K,  56% used [0x8e800000, 0x8eec37b8, 0x8eec3800, 0x8f400000)
    ro space 10240K,  58% used [0x92800000, 0x92de1330, 0x92de1400, 0x93200000)
    rw space 12288K,  59% used [0x93200000, 0x93916340, 0x93916400, 0x93e00000)
GC Heap History (10 events):
Event: 417.420 GC heap before
{Heap before GC invocations=935 (full 8):
 def new generation   total 8064K, used 7179K [0x6e800000, 0x6f0c0000, 0x792a0000)
  eden space 7168K, 100% used [0x6e800000, 0x6ef00000, 0x6ef00000)
  from space 896K,   1% used [0x6efe0000, 0x6efe2db8, 0x6f0c0000)
  to   space 896K,   0% used [0x6ef00000, 0x6ef00000, 0x6efe0000)
 tenured generation   total 17720K, used 12611K [0x792a0000, 0x7a3ee000, 0x8e800000)
   the space 17720K,  71% used [0x792a0000, 0x79ef0c28, 0x79ef0e00, 0x7a3ee000)
 compacting perm gen  total 12288K, used 6925K [0x8e800000, 0x8f400000, 0x92800000)
   the space 12288K,  56% used [0x8e800000, 0x8eec3718, 0x8eec3800, 0x8f400000)
    ro space 10240K,  58% used [0x92800000, 0x92de1330, 0x92de1400, 0x93200000)
    rw space 12288K,  59% used [0x93200000, 0x93916340, 0x93916400, 0x93e00000)
Event: 417.421 GC heap after
Heap after GC invocations=936 (full 8):
 def new generation   total 8064K, used 12K [0x6e800000, 0x6f0c0000, 0x792a0000)
  eden space 7168K,   0% used [0x6e800000, 0x6e800000, 0x6ef00000)
  from space 896K,   1% used [0x6ef00000, 0x6ef03280, 0x6efe0000)
  to   space 896K,   0% used [0x6efe0000, 0x6efe0000, 0x6f0c0000)
 tenured generation   total 17720K, used 12611K [0x792a0000, 0x7a3ee000, 0x8e800000)
   the space 17720K,  71% used [0x792a0000, 0x79ef0d38, 0x79ef0e00, 0x7a3ee000)
 compacting perm gen  total 12288K, used 6925K [0x8e800000, 0x8f400000, 0x92800000)
   the space 12288K,  56% used [0x8e800000, 0x8eec3718, 0x8eec3800, 0x8f400000)
    ro space 10240K,  58% used [0x92800000, 0x92de1330, 0x92de1400, 0x93200000)
    rw space 12288K,  59% used [0x93200000, 0x93916340, 0x93916400, 0x93e00000)
}
Event: 417.462 GC heap before
{Heap before GC invocations=936 (full 8):
 def new generation   total 8064K, used 7180K [0x6e800000, 0x6f0c0000, 0x792a0000)
  eden space 7168K, 100% used [0x6e800000, 0x6ef00000, 0x6ef00000)
  from space 896K,   1% used [0x6ef00000, 0x6ef03280, 0x6efe0000)
  to   space 896K,   0% used [0x6efe0000, 0x6efe0000, 0x6f0c0000)
 tenured generation   total 17720K, used 12611K [0x792a0000, 0x7a3ee000, 0x8e800000)
   the space 17720K,  71% used [0x792a0000, 0x79ef0d38, 0x79ef0e00, 0x7a3ee000)
 compacting perm gen  total 12288K, used 6925K [0x8e800000, 0x8f400000, 0x92800000)
   the space 12288K,  56% used [0x8e800000, 0x8eec3718, 0x8eec3800, 0x8f400000)
    ro space 10240K,  58% used [0x92800000, 0x92de1330, 0x92de1400, 0x93200000)
    rw space 12288K,  59% used [0x93200000, 0x93916340, 0x93916400, 0x93e00000)
Event: 417.463 GC heap after
Heap after GC invocations=937 (full 8):
 def new generation   total 8064K, used 13K [0x6e800000, 0x6f0c0000, 0x792a0000)
  eden space 7168K,   0% used [0x6e800000, 0x6e800000, 0x6ef00000)
  from space 896K,   1% used [0x6efe0000, 0x6efe3730, 0x6f0c0000)
  to   space 896K,   0% used [0x6ef00000, 0x6ef00000, 0x6efe0000)
 tenured generation   total 17720K, used 12611K [0x792a0000, 0x7a3ee000, 0x8e800000)
   the space 17720K,  71% used [0x792a0000, 0x79ef0e40, 0x79ef1000, 0x7a3ee000)
 compacting perm gen  total 12288K, used 6925K [0x8e800000, 0x8f400000, 0x92800000)
   the space 12288K,  56% used [0x8e800000, 0x8eec3718, 0x8eec3800, 0x8f400000)
    ro space 10240K,  58% used [0x92800000, 0x92de1330, 0x92de1400, 0x93200000)
    rw space 12288K,  59% used [0x93200000, 0x93916340, 0x93916400, 0x93e00000)
}
Event: 417.502 GC heap before
{Heap before GC invocations=937 (full 8):
 def new generation   total 8064K, used 7181K [0x6e800000, 0x6f0c0000, 0x792a0000)
  eden space 7168K, 100% used [0x6e800000, 0x6ef00000, 0x6ef00000)
  from space 896K,   1% used [0x6efe0000, 0x6efe3730, 0x6f0c0000)
  to   space 896K,   0% used [0x6ef00000, 0x6ef00000, 0x6efe0000)
 tenured generation   total 17720K, used 12611K [0x792a0000, 0x7a3ee000, 0x8e800000)
   the space 17720K,  71% used [0x792a0000, 0x79ef0e40, 0x79ef1000, 0x7a3ee000)
 compacting perm gen  total 12288K, used 6925K [0x8e800000, 0x8f400000, 0x92800000)
   the space 12288K,  56% used [0x8e800000, 0x8eec3718, 0x8eec3800, 0x8f400000)
    ro space 10240K,  58% used [0x92800000, 0x92de1330, 0x92de1400, 0x93200000)
    rw space 12288K,  59% used [0x93200000, 0x93916340, 0x93916400, 0x93e00000)
Event: 417.502 GC heap after
Heap after GC invocations=938 (full 8):
 def new generation   total 8064K, used 14K [0x6e800000, 0x6f0c0000, 0x792a0000)
  eden space 7168K,   0% used [0x6e800000, 0x6e800000, 0x6ef00000)
  from space 896K,   1% used [0x6ef00000, 0x6ef039e8, 0x6efe0000)
  to   space 896K,   0% used [0x6efe0000, 0x6efe0000, 0x6f0c0000)
 tenured generation   total 17720K, used 12611K [0x792a0000, 0x7a3ee000, 0x8e800000)
   the space 17720K,  71% used [0x792a0000, 0x79ef0f50, 0x79ef1000, 0x7a3ee000)
 compacting perm gen  total 12288K, used 6925K [0x8e800000, 0x8f400000, 0x92800000)
   the space 12288K,  56% used [0x8e800000, 0x8eec3718, 0x8eec3800, 0x8f400000)
    ro space 10240K,  58% used [0x92800000, 0x92de1330, 0x92de1400, 0x93200000)
    rw space 12288K,  59% used [0x93200000, 0x93916340, 0x93916400, 0x93e00000)
}
Event: 417.653 GC heap before
{Heap before GC invocations=938 (full 8):
 def new generation   total 8064K, used 7182K [0x6e800000, 0x6f0c0000, 0x792a0000)
  eden space 7168K, 100% used [0x6e800000, 0x6ef00000, 0x6ef00000)
  from space 896K,   1% used [0x6ef00000, 0x6ef039e8, 0x6efe0000)
  to   space 896K,   0% used [0x6efe0000, 0x6efe0000, 0x6f0c0000)
 tenured generation   total 17720K, used 12611K [0x792a0000, 0x7a3ee000, 0x8e800000)
   the space 17720K,  71% used [0x792a0000, 0x79ef0f50, 0x79ef1000, 0x7a3ee000)
 compacting perm gen  total 12288K, used 6925K [0x8e800000, 0x8f400000, 0x92800000)
   the space 12288K,  56% used [0x8e800000, 0x8eec3758, 0x8eec3800, 0x8f400000)
    ro space 10240K,  58% used [0x92800000, 0x92de1330, 0x92de1400, 0x93200000)
    rw space 12288K,  59% used [0x93200000, 0x93916340, 0x93916400, 0x93e00000)
Event: 417.656 GC heap after
Heap after GC invocations=939 (full 8):
 def new generation   total 8064K, used 896K [0x6e800000, 0x6f0c0000, 0x792a0000)
  eden space 7168K,   0% used [0x6e800000, 0x6e800000, 0x6ef00000)
  from space 896K, 100% used [0x6efe0000, 0x6f0c0000, 0x6f0c0000)
  to   space 896K,   0% used [0x6ef00000, 0x6ef00000, 0x6efe0000)
 tenured generation   total 17720K, used 12737K [0x792a0000, 0x7a3ee000, 0x8e800000)
   the space 17720K,  71% used [0x792a0000, 0x79f10588, 0x79f10600, 0x7a3ee000)
 compacting perm gen  total 12288K, used 6925K [0x8e800000, 0x8f400000, 0x92800000)
   the space 12288K,  56% used [0x8e800000, 0x8eec3758, 0x8eec3800, 0x8f400000)
    ro space 10240K,  58% used [0x92800000, 0x92de1330, 0x92de1400, 0x93200000)
    rw space 12288K,  59% used [0x93200000, 0x93916340, 0x93916400, 0x93e00000)
}
Event: 417.835 GC heap before
{Heap before GC invocations=939 (full 8):
 def new generation   total 8064K, used 8064K [0x6e800000, 0x6f0c0000, 0x792a0000)
  eden space 7168K, 100% used [0x6e800000, 0x6ef00000, 0x6ef00000)
  from space 896K, 100% used [0x6efe0000, 0x6f0c0000, 0x6f0c0000)
  to   space 896K,   0% used [0x6ef00000, 0x6ef00000, 0x6efe0000)
 tenured generation   total 17720K, used 12737K [0x792a0000, 0x7a3ee000, 0x8e800000)
   the space 17720K,  71% used [0x792a0000, 0x79f10588, 0x79f10600, 0x7a3ee000)
 compacting perm gen  total 12288K, used 6925K [0x8e800000, 0x8f400000, 0x92800000)
   the space 12288K,  56% used [0x8e800000, 0x8eec3788, 0x8eec3800, 0x8f400000)
    ro space 10240K,  58% used [0x92800000, 0x92de1330, 0x92de1400, 0x93200000)
    rw space 12288K,  59% used [0x93200000, 0x93916340, 0x93916400, 0x93e00000)
Event: 417.839 GC heap after
Heap after GC invocations=940 (full 8):
 def new generation   total 8064K, used 363K [0x6e800000, 0x6f0c0000, 0x792a0000)
  eden space 7168K,   0% used [0x6e800000, 0x6e800000, 0x6ef00000)
  from space 896K,  40% used [0x6ef00000, 0x6ef5ae98, 0x6efe0000)
  to   space 896K,   0% used [0x6efe0000, 0x6efe0000, 0x6f0c0000)
 tenured generation   total 17720K, used 13593K [0x792a0000, 0x7a3ee000, 0x8e800000)
   the space 17720K,  76% used [0x792a0000, 0x79fe6578, 0x79fe6600, 0x7a3ee000)
 compacting perm gen  total 12288K, used 6925K [0x8e800000, 0x8f400000, 0x92800000)
   the space 12288K,  56% used [0x8e800000, 0x8eec3788, 0x8eec3800, 0x8f400000)
    ro space 10240K,  58% used [0x92800000, 0x92de1330, 0x92de1400, 0x93200000)
    rw space 12288K,  59% used [0x93200000, 0x93916340, 0x93916400, 0x93e00000)
}

