# JRE version: OpenJDK Runtime Environment (7.0_79-b14) (build 1.7.0_79-b14)
# Java VM: OpenJDK Client VM (24.79-b02 mixed mode, sharing linux-x86 )
Heap
 def new generation   total 13504K, used 10986K [0x6e800000, 0x6f6a0000, 0x792a0000)
  eden space 12032K,  88% used [0x6e800000, 0x6f25c950, 0x6f3c0000)
  from space 1472K,  25% used [0x6f3c0000, 0x6f41e218, 0x6f530000)
  to   space 1472K,   0% used [0x6f530000, 0x6f530000, 0x6f6a0000)
 tenured generation   total 29404K, used 20961K [0x792a0000, 0x7af57000, 0x8e800000)
   the space 29404K,  71% used [0x792a0000, 0x7a718498, 0x7a718600, 0x7af57000)
 compacting perm gen  total 12288K, used 7564K [0x8e800000, 0x8f400000, 0x92800000)
   the space 12288K,  61% used [0x8e800000, 0x8ef631d0, 0x8ef63200, 0x8f400000)
    ro space 10240K,  58% used [0x92800000, 0x92de1330, 0x92de1400, 0x93200000)
    rw space 12288K,  59% used [0x93200000, 0x93916340, 0x93916400, 0x93e00000)
GC Heap History (10 events):
Event: 1354.310 GC heap before
{Heap before GC invocations=2347 (full 14):
 def new generation   total 13504K, used 12055K [0x6e800000, 0x6f6a0000, 0x792a0000)
  eden space 12032K, 100% used [0x6e800000, 0x6f3c0000, 0x6f3c0000)
  from space 1472K,   1% used [0x6f530000, 0x6f535cc0, 0x6f6a0000)
  to   space 1472K,   0% used [0x6f3c0000, 0x6f3c0000, 0x6f530000)
 tenured generation   total 29404K, used 20955K [0x792a0000, 0x7af57000, 0x8e800000)
   the space 29404K,  71% used [0x792a0000, 0x7a716fe8, 0x7a717000, 0x7af57000)
 compacting perm gen  total 12288K, used 7564K [0x8e800000, 0x8f400000, 0x92800000)
   the space 12288K,  61% used [0x8e800000, 0x8ef631c0, 0x8ef63200, 0x8f400000)
    ro space 10240K,  58% used [0x92800000, 0x92de1330, 0x92de1400, 0x93200000)
    rw space 12288K,  59% used [0x93200000, 0x93916340, 0x93916400, 0x93e00000)
Event: 1354.311 GC heap after
Heap after GC invocations=2348 (full 14):
 def new generation   total 13504K, used 12K [0x6e800000, 0x6f6a0000, 0x792a0000)
  eden space 12032K,   0% used [0x6e800000, 0x6e800000, 0x6f3c0000)
  from space 1472K,   0% used [0x6f3c0000, 0x6f3c3268, 0x6f530000)
  to   space 1472K,   0% used [0x6f530000, 0x6f530000, 0x6f6a0000)
 tenured generation   total 29404K, used 20956K [0x792a0000, 0x7af57000, 0x8e800000)
   the space 29404K,  71% used [0x792a0000, 0x7a717170, 0x7a717200, 0x7af57000)
 compacting perm gen  total 12288K, used 7564K [0x8e800000, 0x8f400000, 0x92800000)
   the space 12288K,  61% used [0x8e800000, 0x8ef631c0, 0x8ef63200, 0x8f400000)
    ro space 10240K,  58% used [0x92800000, 0x92de1330, 0x92de1400, 0x93200000)
    rw space 12288K,  59% used [0x93200000, 0x93916340, 0x93916400, 0x93e00000)
}
Event: 1354.377 GC heap before
{Heap before GC invocations=2348 (full 14):
 def new generation   total 13504K, used 12044K [0x6e800000, 0x6f6a0000, 0x792a0000)
  eden space 12032K, 100% used [0x6e800000, 0x6f3c0000, 0x6f3c0000)
  from space 1472K,   0% used [0x6f3c0000, 0x6f3c3268, 0x6f530000)
  to   space 1472K,   0% used [0x6f530000, 0x6f530000, 0x6f6a0000)
 tenured generation   total 29404K, used 20956K [0x792a0000, 0x7af57000, 0x8e800000)
   the space 29404K,  71% used [0x792a0000, 0x7a717170, 0x7a717200, 0x7af57000)
 compacting perm gen  total 12288K, used 7564K [0x8e800000, 0x8f400000, 0x92800000)
   the space 12288K,  61% used [0x8e800000, 0x8ef631c0, 0x8ef63200, 0x8f400000)
    ro space 10240K,  58% used [0x92800000, 0x92de1330, 0x92de1400, 0x93200000)
    rw space 12288K,  59% used [0x93200000, 0x93916340, 0x93916400, 0x93e00000)
Event: 1354.379 GC heap after
Heap after GC invocations=2349 (full 14):
 def new generation   total 13504K, used 27K [0x6e800000, 0x6f6a0000, 0x792a0000)
  eden space 12032K,   0% used [0x6e800000, 0x6e800000, 0x6f3c0000)
  from space 1472K,   1% used [0x6f530000, 0x6f536d38, 0x6f6a0000)
  to   space 1472K,   0% used [0x6f3c0000, 0x6f3c0000, 0x6f530000)
 tenured generation   total 29404K, used 20957K [0x792a0000, 0x7af57000, 0x8e800000)
   the space 29404K,  71% used [0x792a0000, 0x7a717480, 0x7a717600, 0x7af57000)
 compacting perm gen  total 12288K, used 7564K [0x8e800000, 0x8f400000, 0x92800000)
   the space 12288K,  61% used [0x8e800000, 0x8ef631c0, 0x8ef63200, 0x8f400000)
    ro space 10240K,  58% used [0x92800000, 0x92de1330, 0x92de1400, 0x93200000)
    rw space 12288K,  59% used [0x93200000, 0x93916340, 0x93916400, 0x93e00000)
}
Event: 1354.448 GC heap before
{Heap before GC invocations=2349 (full 14):
 def new generation   total 13504K, used 12059K [0x6e800000, 0x6f6a0000, 0x792a0000)
  eden space 12032K, 100% used [0x6e800000, 0x6f3c0000, 0x6f3c0000)
  from space 1472K,   1% used [0x6f530000, 0x6f536d38, 0x6f6a0000)
  to   space 1472K,   0% used [0x6f3c0000, 0x6f3c0000, 0x6f530000)
 tenured generation   total 29404K, used 20957K [0x792a0000, 0x7af57000, 0x8e800000)
   the space 29404K,  71% used [0x792a0000, 0x7a717480, 0x7a717600, 0x7af57000)
 compacting perm gen  total 12288K, used 7564K [0x8e800000, 0x8f400000, 0x92800000)
   the space 12288K,  61% used [0x8e800000, 0x8ef631c0, 0x8ef63200, 0x8f400000)
    ro space 10240K,  58% used [0x92800000, 0x92de1330, 0x92de1400, 0x93200000)
    rw space 12288K,  59% used [0x93200000, 0x93916340, 0x93916400, 0x93e00000)
Event: 1354.450 GC heap after
Heap after GC invocations=2350 (full 14):
 def new generation   total 13504K, used 16K [0x6e800000, 0x6f6a0000, 0x792a0000)
  eden space 12032K,   0% used [0x6e800000, 0x6e800000, 0x6f3c0000)
  from space 1472K,   1% used [0x6f3c0000, 0x6f3c4130, 0x6f530000)
  to   space 1472K,   0% used [0x6f530000, 0x6f530000, 0x6f6a0000)
 tenured generation   total 29404K, used 20957K [0x792a0000, 0x7af57000, 0x8e800000)
   the space 29404K,  71% used [0x792a0000, 0x7a7175f0, 0x7a717600, 0x7af57000)
 compacting perm gen  total 12288K, used 7564K [0x8e800000, 0x8f400000, 0x92800000)
   the space 12288K,  61% used [0x8e800000, 0x8ef631c0, 0x8ef63200, 0x8f400000)
    ro space 10240K,  58% used [0x92800000, 0x92de1330, 0x92de1400, 0x93200000)
    rw space 12288K,  59% used [0x93200000, 0x93916340, 0x93916400, 0x93e00000)
}
Event: 1354.514 GC heap before
{Heap before GC invocations=2350 (full 14):
 def new generation   total 13504K, used 12048K [0x6e800000, 0x6f6a0000, 0x792a0000)
  eden space 12032K, 100% used [0x6e800000, 0x6f3c0000, 0x6f3c0000)
  from space 1472K,   1% used [0x6f3c0000, 0x6f3c4130, 0x6f530000)
  to   space 1472K,   0% used [0x6f530000, 0x6f530000, 0x6f6a0000)
 tenured generation   total 29404K, used 20957K [0x792a0000, 0x7af57000, 0x8e800000)
   the space 29404K,  71% used [0x792a0000, 0x7a7175f0, 0x7a717600, 0x7af57000)
 compacting perm gen  total 12288K, used 7564K [0x8e800000, 0x8f400000, 0x92800000)
   the space 12288K,  61% used [0x8e800000, 0x8ef631c0, 0x8ef63200, 0x8f400000)
    ro space 10240K,  58% used [0x92800000, 0x92de1330, 0x92de1400, 0x93200000)
    rw space 12288K,  59% used [0x93200000, 0x93916340, 0x93916400, 0x93e00000)
Event: 1354.515 GC heap after
Heap after GC invocations=2351 (full 14):
 def new generation   total 13504K, used 16K [0x6e800000, 0x6f6a0000, 0x792a0000)
  eden space 12032K,   0% used [0x6e800000, 0x6e800000, 0x6f3c0000)
  from space 1472K,   1% used [0x6f530000, 0x6f5340b8, 0x6f6a0000)
  to   space 1472K,   0% used [0x6f3c0000, 0x6f3c0000, 0x6f530000)
 tenured generation   total 29404K, used 20960K [0x792a0000, 0x7af57000, 0x8e800000)
   the space 29404K,  71% used [0x792a0000, 0x7a7182c8, 0x7a718400, 0x7af57000)
 compacting perm gen  total 12288K, used 7564K [0x8e800000, 0x8f400000, 0x92800000)
   the space 12288K,  61% used [0x8e800000, 0x8ef631c0, 0x8ef63200, 0x8f400000)
    ro space 10240K,  58% used [0x92800000, 0x92de1330, 0x92de1400, 0x93200000)
    rw space 12288K,  59% used [0x93200000, 0x93916340, 0x93916400, 0x93e00000)
}
Event: 1354.587 GC heap before
{Heap before GC invocations=2351 (full 14):
 def new generation   total 13504K, used 11926K [0x6e800000, 0x6f6a0000, 0x792a0000)
  eden space 12032K,  98% used [0x6e800000, 0x6f3a19a0, 0x6f3c0000)
  from space 1472K,   1% used [0x6f530000, 0x6f5340b8, 0x6f6a0000)
  to   space 1472K,   0% used [0x6f3c0000, 0x6f3c0000, 0x6f530000)
 tenured generation   total 29404K, used 20960K [0x792a0000, 0x7af57000, 0x8e800000)
   the space 29404K,  71% used [0x792a0000, 0x7a7182c8, 0x7a718400, 0x7af57000)
 compacting perm gen  total 12288K, used 7564K [0x8e800000, 0x8f400000, 0x92800000)
   the space 12288K,  61% used [0x8e800000, 0x8ef631c0, 0x8ef63200, 0x8f400000)
    ro space 10240K,  58% used [0x92800000, 0x92de1330, 0x92de1400, 0x93200000)
    rw space 12288K,  59% used [0x93200000, 0x93916340, 0x93916400, 0x93e00000)
Event: 1354.589 GC heap after
Heap after GC invocations=2352 (full 14):
 def new generation   total 13504K, used 376K [0x6e800000, 0x6f6a0000, 0x792a0000)
  eden space 12032K,   0% used [0x6e800000, 0x6e800000, 0x6f3c0000)
  from space 1472K,  25% used [0x6f3c0000, 0x6f41e218, 0x6f530000)
  to   space 1472K,   0% used [0x6f530000, 0x6f530000, 0x6f6a0000)
 tenured generation   total 29404K, used 20961K [0x792a0000, 0x7af57000, 0x8e800000)
   the space 29404K,  71% used [0x792a0000, 0x7a718498, 0x7a718600, 0x7af57000)
 compacting perm gen  total 12288K, used 7564K [0x8e800000, 0x8f400000, 0x92800000)
   the space 12288K,  61% used [0x8e800000, 0x8ef631c0, 0x8ef63200, 0x8f400000)
    ro space 10240K,  58% used [0x92800000, 0x92de1330, 0x92de1400, 0x93200000)
    rw space 12288K,  59% used [0x93200000, 0x93916340, 0x93916400, 0x93e00000)
}

